[1.485s] Invoking command in '/home/shibu/robot_hand_for_apple/src/mypkg': PYTHONPATH=/home/shibu/robot_hand_for_apple/build/mypkg/prefix_override:/home/shibu/robot_hand_for_apple/install/mypkg/lib/python3.10/site-packages:${PYTHONPATH} /usr/bin/python3 setup.py egg_info --egg-base ../../build/mypkg build --build-base /home/shibu/robot_hand_for_apple/build/mypkg/build install --record /home/shibu/robot_hand_for_apple/build/mypkg/install.log --single-version-externally-managed
[1.900s] running egg_info
[1.901s] creating ../../build/mypkg/mypkg.egg-info
[1.901s] writing ../../build/mypkg/mypkg.egg-info/PKG-INFO
[1.902s] writing dependency_links to ../../build/mypkg/mypkg.egg-info/dependency_links.txt
[1.902s] writing entry points to ../../build/mypkg/mypkg.egg-info/entry_points.txt
[1.902s] writing requirements to ../../build/mypkg/mypkg.egg-info/requires.txt
[1.903s] writing top-level names to ../../build/mypkg/mypkg.egg-info/top_level.txt
[1.903s] writing manifest file '../../build/mypkg/mypkg.egg-info/SOURCES.txt'
[1.906s] reading manifest file '../../build/mypkg/mypkg.egg-info/SOURCES.txt'
[1.908s] writing manifest file '../../build/mypkg/mypkg.egg-info/SOURCES.txt'
[1.908s] running build
[1.908s] running build_py
[1.909s] creating /home/shibu/robot_hand_for_apple/build/mypkg/build
[1.909s] creating /home/shibu/robot_hand_for_apple/build/mypkg/build/lib
[1.909s] creating /home/shibu/robot_hand_for_apple/build/mypkg/build/lib/mypkg
[1.909s] copying mypkg/__init__.py -> /home/shibu/robot_hand_for_apple/build/mypkg/build/lib/mypkg
[1.909s] running install
[1.918s] /usr/lib/python3/dist-packages/setuptools/command/install.py:34: SetuptoolsDeprecationWarning: setup.py install is deprecated. Use build and pip and other standards-based tools.
[1.918s]   warnings.warn(
[1.919s] running install_lib
[1.920s] creating /home/shibu/robot_hand_for_apple/install/mypkg/lib/python3.10/site-packages/mypkg
[1.920s] copying /home/shibu/robot_hand_for_apple/build/mypkg/build/lib/mypkg/__init__.py -> /home/shibu/robot_hand_for_apple/install/mypkg/lib/python3.10/site-packages/mypkg
[1.921s] byte-compiling /home/shibu/robot_hand_for_apple/install/mypkg/lib/python3.10/site-packages/mypkg/__init__.py to __init__.cpython-310.pyc
[1.922s] running install_data
[1.923s] creating /home/shibu/robot_hand_for_apple/install/mypkg/share/ament_index
[1.923s] creating /home/shibu/robot_hand_for_apple/install/mypkg/share/ament_index/resource_index
[1.923s] creating /home/shibu/robot_hand_for_apple/install/mypkg/share/ament_index/resource_index/packages
[1.924s] copying resource/mypkg -> /home/shibu/robot_hand_for_apple/install/mypkg/share/ament_index/resource_index/packages
[1.924s] copying package.xml -> /home/shibu/robot_hand_for_apple/install/mypkg/share/mypkg
[1.924s] running install_egg_info
[1.927s] Copying ../../build/mypkg/mypkg.egg-info to /home/shibu/robot_hand_for_apple/install/mypkg/lib/python3.10/site-packages/mypkg-0.0.0-py3.10.egg-info
[1.928s] running install_scripts
[1.966s] writing list of installed files to '/home/shibu/robot_hand_for_apple/build/mypkg/install.log'
[2.005s] Invoked command in '/home/shibu/robot_hand_for_apple/src/mypkg' returned '0': PYTHONPATH=/home/shibu/robot_hand_for_apple/build/mypkg/prefix_override:/home/shibu/robot_hand_for_apple/install/mypkg/lib/python3.10/site-packages:${PYTHONPATH} /usr/bin/python3 setup.py egg_info --egg-base ../../build/mypkg build --build-base /home/shibu/robot_hand_for_apple/build/mypkg/build install --record /home/shibu/robot_hand_for_apple/build/mypkg/install.log --single-version-externally-managed
